kaizmaredia@kaizs-MacBook-Air android % cd /Users/kaizmaredia/Desktop/PizzaOrderPro
kaizmaredia@kaizs-MacBook-Air PizzaOrderPro % brew install openjdk@17 
==> Downloading https://formulae.brew.sh/api/formula.jws.json
==> Downloading https://formulae.brew.sh/api/cask.jws.json
==> Downloading https://ghcr.io/v2/homebrew/core/openjdk/17/manifests/17.0.15
######################################################################### 100.0%
==> Fetching openjdk@17
==> Downloading https://ghcr.io/v2/homebrew/core/openjdk/17/blobs/sha256:1826302
######################################################################### 100.0%
==> Pouring openjdk@17--17.0.15.arm64_sequoia.bottle.tar.gz
==> Caveats
For the system Java wrappers to find this JDK, symlink it with
  sudo ln -sfn /opt/homebrew/opt/openjdk@17/libexec/openjdk.jdk /Library/Java/JavaVirtualMachines/openjdk-17.jdk

openjdk@17 is keg-only, which means it was not symlinked into /opt/homebrew,
because this is an alternate version of another formula.

If you need to have openjdk@17 first in your PATH, run:
  echo 'export PATH="/opt/homebrew/opt/openjdk@17/bin:$PATH"' >> ~/.zshrc

For compilers to find openjdk@17 you may need to set:
  export CPPFLAGS="-I/opt/homebrew/opt/openjdk@17/include"
==> Summary
ðŸº  /opt/homebrew/Cellar/openjdk@17/17.0.15: 636 files, 305MB
==> Running `brew cleanup openjdk@17`...
Disable this behaviour by setting HOMEBREW_NO_INSTALL_CLEANUP.
Hide these hints with HOMEBREW_NO_ENV_HINTS (see `man brew`).
kaizmaredia@kaizs-MacBook-Air PizzaOrderPro % cd /Users/kaizmaredia/Desktop/PizzaOrderPro/android
echo "org.gradle.java.home=/Applications/Android Studio.app/Contents/jbr/Contents/Home" >> gradle.properties
./gradlew assembleDebug
To honour the JVM settings for this build a single-use Daemon process will be forked. For more on this, please refer to https://docs.gradle.org/8.11.1/userguide/gradle_daemon.html#sec:disabling_the_daemon in the Gradle documentation.
Daemon will be stopped at the end of the build 

FAILURE: Build failed with an exception.

* Where:
Build file '/Users/kaizmaredia/Desktop/PizzaOrderPro/android/app/build.gradle.kts' line: 1

* What went wrong:
An exception occurred applying plugin request [id: 'com.android.application']
> Failed to apply plugin 'com.android.internal.application'.
   > Cannot parse project property android.nonTransitiveRClass='trueorg.gradle.java.home=/Applications/Android Studio.app/Contents/jbr/Contents/Home' of type 'class java.lang.String' as boolean. Expected 'true' or 'false'.

* Try:
> Run with --stacktrace option to get the stack trace.
> Run with --info or --debug option to get more log output.
> Run with --scan to get full insights.
> Get more help at https://help.gradle.org.

BUILD FAILED in 4s
kaizmaredia@kaizs-MacBook-Air android % 


